<?xml version="1.0" encoding="UTF-8"?>
<!-- Generated by org.testng.reporters.JUnitXMLReporter -->
<testsuite hostname="ndi-lap-716" ignored="0" name="ApiDemos" tests="3" failures="0" timestamp="2021-02-11T11:26:57 IST" time="93.426" errors="0">
  <testcase name="clickOnPreference" time="5.275" classname="com.apidemos.qa.specs.BasicTestSpecs"/>
  <testcase name="horizontalSwipe" time="20.335" classname="com.apidemos.qa.specs.HorizontalSwipeSpec"/>
  <testcase name="horizontalSwipe" time="14.646" classname="com.apidemos.qa.specs.VerticalSwipeSpec"/>
</testsuite> <!-- ApiDemos -->
